<?xml version="1.0" encoding="UTF-8"?>
<!-- Generated by org.testng.reporters.JUnitXMLReporter -->
<testsuite ignored="0" hostname="DESKTOP-TGCDU3N" failures="0" tests="3" name="Default test" time="3.214" errors="0" timestamp="2024-07-27T20:52:32 PDT">
  <testcase classname="LibraryAPIs.HandlingDynamicJSON" name="registerMultipleBooks" time="2.765"/>
  <testcase classname="LibraryAPIs.HandlingDynamicJSON" name="registerMultipleBooks" time="0.182"/>
  <testcase classname="LibraryAPIs.HandlingDynamicJSON" name="registerMultipleBooks" time="0.158"/>
</testsuite> <!-- Default test -->
