<?xml version="1.0" encoding="UTF-8"?>
<testng-results ignored="0" total="3" passed="3" failed="0" skipped="0">
  <reporter-output>
  </reporter-output>
  <suite started-at="2024-07-27T20:52:28 PDT" name="Default suite" finished-at="2024-07-27T20:52:32 PDT" duration-ms="3214">
    <groups>
    </groups>
    <test started-at="2024-07-27T20:52:28 PDT" name="Default test" finished-at="2024-07-27T20:52:32 PDT" duration-ms="3214">
      <class name="LibraryAPIs.HandlingDynamicJSON">
        <test-method signature="registerMultipleBooks(java.lang.String,java.lang.String)[pri:0, instance:LibraryAPIs.HandlingDynamicJSON@2ddc9a9f]" started-at="2024-07-27T20:52:28 PDT" name="registerMultipleBooks" data-provider="booksData" finished-at="2024-07-27T20:52:31 PDT" duration-ms="2765" status="PASS">
          <params>
            <param index="0">
              <value>
                <![CDATA[sdf101]]>
              </value>
            </param>
            <param index="1">
              <value>
                <![CDATA[fdb101]]>
              </value>
            </param>
          </params>
          <reporter-output>
          </reporter-output>
        </test-method> <!-- registerMultipleBooks -->
        <test-method signature="registerMultipleBooks(java.lang.String,java.lang.String)[pri:0, instance:LibraryAPIs.HandlingDynamicJSON@2ddc9a9f]" started-at="2024-07-27T20:52:31 PDT" name="registerMultipleBooks" data-provider="booksData" finished-at="2024-07-27T20:52:31 PDT" duration-ms="182" status="PASS">
          <params>
            <param index="0">
              <value>
                <![CDATA[db102]]>
              </value>
            </param>
            <param index="1">
              <value>
                <![CDATA[xcv102]]>
              </value>
            </param>
          </params>
          <reporter-output>
          </reporter-output>
        </test-method> <!-- registerMultipleBooks -->
        <test-method signature="registerMultipleBooks(java.lang.String,java.lang.String)[pri:0, instance:LibraryAPIs.HandlingDynamicJSON@2ddc9a9f]" started-at="2024-07-27T20:52:31 PDT" name="registerMultipleBooks" data-provider="booksData" finished-at="2024-07-27T20:52:32 PDT" duration-ms="158" status="PASS">
          <params>
            <param index="0">
              <value>
                <![CDATA[xfb103]]>
              </value>
            </param>
            <param index="1">
              <value>
                <![CDATA[rr103]]>
              </value>
            </param>
          </params>
          <reporter-output>
          </reporter-output>
        </test-method> <!-- registerMultipleBooks -->
      </class> <!-- LibraryAPIs.HandlingDynamicJSON -->
    </test> <!-- Default test -->
  </suite> <!-- Default suite -->
</testng-results>
